(0000) 3000  0011000000000000 (   1)                 .ORIG x3000
(3000) 2C87  0010110010000111 (   3)                 LD    R6 ZERO
(3001) 9C7F  1001110001111111 (   4)                 NOT   R6 R1
(3002) 0801  0000100000000001 (   5)                 BRN   PRESTART
(3003) 0E81  0000111010000001 (   6)                 BRNZP FAILEND
(3004) 1D81  0001110110000001 (  10) PRESTART        ADD   R6 R6 R1
(3005) 1C71  0001110001110001 (  11)                 ADD   R6 R1 #-15
(3006) 0C01  0000110000000001 (  12)                 BRNZ  START
(3007) 0E7D  0000111001111101 (  13)                 BRNZP FAILEND
(3008) 2C7F  0010110001111111 (  15) START           LD    R6 ZERO
(3009) 0E00  0000111000000000 (  16)                 BRNZP RBITONE
(300A) 1DA1  0001110110100001 (  18) RBITONE         ADD   R6 R6 #1
(300B) 247C  0010010001111100 (  19)                 LD    R2 ZERO
(300C) 267B  0010011001111011 (  20)                 LD    R3 ZERO
(300D) 287B  0010100001111011 (  21)                 LD    R4 ONE
(300E) 5604  0101011000000100 (  22)                 AND   R3 R0 R4
(300F) 0203  0000001000000011 (  23)                 BRP   SETBIT
(3010) 0403  0000010000000011 (  24)                 BRZ   RBITTWO
(3011) 2886  0010100010000110 (  26) SIGFIGONE       LD    R4 SIXTEEN
(3012) 1484  0001010010000100 (  27)                 ADD   R2 R2 R4
(3013) 5B7F  0101101101111111 (  29) SETBIT          AND   R5 R5 #-1
(3014) 2673  0010011001110011 (  33) RBITTWO         LD    R3 ZERO
(3015) 2882  0010100010000010 (  34)                 LD    R4 SIXTEEN
(3016) 5604  0101011000000100 (  35)                 AND   R3 R0 R4
(3017) 0201  0000001000000001 (  36)                 BRP   SIGFIGTWO
(3018) 0402  0000010000000010 (  37)                 BRZ   RBITTHREE
(3019) 287D  0010100001111101 (  39) SIGFIGTWO       LD    R4 FIFTEEN
(301A) 1484  0001010010000100 (  40)                 ADD   R2 R2 R4
(301B) 266C  0010011001101100 (  44) RBITTHREE       LD    R3 ZERO
(301C) 287A  0010100001111010 (  45)                 LD    R4 FIFTEEN
(301D) 5604  0101011000000100 (  46)                 AND   R3 R0 R4
(301E) 0201  0000001000000001 (  47)                 BRP   SIGFIGTHREE
(301F) 0402  0000010000000010 (  48)                 BRZ   RBITFOUR
(3020) 2875  0010100001110101 (  50) SIGFIGTHREE     LD    R4 FOURTEEN
(3021) 1484  0001010010000100 (  51)                 ADD   R2 R2 R4
(3022) 2665  0010011001100101 (  53) RBITFOUR        LD    R3 ZERO
(3023) 2872  0010100001110010 (  54)                 LD    R4 FOURTEEN
(3024) 5604  0101011000000100 (  55)                 AND   R3 R0 R4
(3025) 0201  0000001000000001 (  56)                 BRP   SIGFIGFOUR
(3026) 0402  0000010000000010 (  57)                 BRZ   RBITFIVE
(3027) 286D  0010100001101101 (  59) SIGFIGFOUR      LD    R4 THIRTEEN
(3028) 1484  0001010010000100 (  60)                 ADD   R2 R2 R4
(3029) 265E  0010011001011110 (  62) RBITFIVE        LD    R3 ZERO
(302A) 286A  0010100001101010 (  63)                 LD    R4 THIRTEEN
(302B) 5604  0101011000000100 (  64)                 AND   R3 R0 R4
(302C) 0201  0000001000000001 (  65)                 BRP   SIGFIGFIVE
(302D) 0402  0000010000000010 (  66)                 BRZ   RBITSIX
(302E) 2865  0010100001100101 (  68) SIGFIGFIVE      LD    R4 TWELVE
(302F) 1484  0001010010000100 (  69)                 ADD   R2 R2 R4
(3030) 2657  0010011001010111 (  71) RBITSIX         LD    R3 ZERO
(3031) 2862  0010100001100010 (  72)                 LD    R4 TWELVE
(3032) 5604  0101011000000100 (  73)                 AND   R3 R0 R4
(3033) 0201  0000001000000001 (  74)                 BRP   SIGFIGSIX
(3034) 0402  0000010000000010 (  75)                 BRZ   RBITSEVEN
(3035) 285D  0010100001011101 (  77) SIGFIGSIX       LD    R4 ELEVEN
(3036) 1484  0001010010000100 (  78)                 ADD   R2 R2 R4
(3037) 2650  0010011001010000 (  80) RBITSEVEN       LD    R3 ZERO
(3038) 285A  0010100001011010 (  81)                 LD    R4 ELEVEN
(3039) 5604  0101011000000100 (  82)                 AND   R3 R0 R4
(303A) 0201  0000001000000001 (  83)                 BRP   SIGFIGSEVEN
(303B) 0402  0000010000000010 (  84)                 BRZ   RBITEIGHT
(303C) 2855  0010100001010101 (  86) SIGFIGSEVEN     LD    R4 TEN
(303D) 1484  0001010010000100 (  87)                 ADD   R2 R2 R4
(303E) 2649  0010011001001001 (  89) RBITEIGHT       LD    R3 ZERO
(303F) 2852  0010100001010010 (  90)                 LD    R4 TEN
(3040) 5604  0101011000000100 (  91)                 AND   R3 R0 R4
(3041) 0201  0000001000000001 (  92)                 BRP   SIGFIGEIGHT
(3042) 0402  0000010000000010 (  93)                 BRZ   RBITNINE
(3043) 284D  0010100001001101 (  95) SIGFIGEIGHT     LD    R4 NINE
(3044) 1484  0001010010000100 (  96)                 ADD   R2 R2 R4
(3045) 2642  0010011001000010 (  98) RBITNINE        LD    R3 ZERO
(3046) 284A  0010100001001010 (  99)                 LD    R4 NINE
(3047) 5604  0101011000000100 ( 100)                 AND   R3 R0 R4
(3048) 0201  0000001000000001 ( 101)                 BRP   SIGFIGNINE
(3049) 0402  0000010000000010 ( 102)                 BRZ   RBITTEN
(304A) 2845  0010100001000101 ( 104) SIGFIGNINE      LD    R4 EIGHT
(304B) 1484  0001010010000100 ( 105)                 ADD   R2 R2 R4
(304C) 263B  0010011000111011 ( 107) RBITTEN         LD    R3 ZERO
(304D) 2842  0010100001000010 ( 108)                 LD    R4 EIGHT
(304E) 5604  0101011000000100 ( 109)                 AND   R3 R0 R4
(304F) 0201  0000001000000001 ( 110)                 BRP   SIGFIGTEN
(3050) 0402  0000010000000010 ( 111)                 BRZ   RBITELEVEN
(3051) 283D  0010100000111101 ( 113) SIGFIGTEN       LD    R4 SEVEN
(3052) 1484  0001010010000100 ( 114)                 ADD   R2 R2 R4
(3053) 2634  0010011000110100 ( 116) RBITELEVEN      LD    R3 ZERO
(3054) 283A  0010100000111010 ( 117)                 LD    R4 SEVEN
(3055) 5604  0101011000000100 ( 118)                 AND   R3 R0 R4
(3056) 0201  0000001000000001 ( 119)                 BRP   SIGFIGELEVEN
(3057) 0402  0000010000000010 ( 120)                 BRZ   RBITTWELVE
(3058) 2835  0010100000110101 ( 122) SIGFIGELEVEN    LD    R4 SIX
(3059) 1484  0001010010000100 ( 123)                 ADD   R2 R2 R4
(305A) 262D  0010011000101101 ( 125) RBITTWELVE      LD    R3 ZERO
(305B) 2832  0010100000110010 ( 126)                 LD    R4 SIX
(305C) 5604  0101011000000100 ( 127)                 AND   R3 R0 R4
(305D) 0201  0000001000000001 ( 128)                 BRP   SIGFIGTWELVE
(305E) 0402  0000010000000010 ( 129)                 BRZ   RBITTHIRTEEN
(305F) 282D  0010100000101101 ( 131) SIGFIGTWELVE    LD    R4 FIVE
(3060) 1484  0001010010000100 ( 132)                 ADD   R2 R2 R4
(3061) 2626  0010011000100110 ( 134) RBITTHIRTEEN    LD    R3 ZERO
(3062) 282A  0010100000101010 ( 135)                 LD    R4 FIVE
(3063) 5604  0101011000000100 ( 136)                 AND   R3 R0 R4
(3064) 0201  0000001000000001 ( 137)                 BRP   SIGFIGTHIRTEEN
(3065) 0402  0000010000000010 ( 138)                 BRZ   RBITFOURTEEN
(3066) 2825  0010100000100101 ( 140) SIGFIGTHIRTEEN  LD    R4 FOUR
(3067) 1484  0001010010000100 ( 141)                 ADD   R2 R2 R4
(3068) 261F  0010011000011111 ( 143) RBITFOURTEEN    LD    R3 ZERO
(3069) 2822  0010100000100010 ( 144)                 LD    R4 FOUR
(306A) 5604  0101011000000100 ( 145)                 AND   R3 R0 R4
(306B) 0201  0000001000000001 ( 146)                 BRP   SIGFIGFOURTEEN
(306C) 0402  0000010000000010 ( 147)                 BRZ   RBITFIFTEEN
(306D) 281D  0010100000011101 ( 149) SIGFIGFOURTEEN  LD    R4 THREE
(306E) 1484  0001010010000100 ( 150)                 ADD   R2 R2 R4
(306F) 2618  0010011000011000 ( 152) RBITFIFTEEN     LD    R3 ZERO
(3070) 281A  0010100000011010 ( 153)                 LD    R4 THREE
(3071) 5604  0101011000000100 ( 154)                 AND   R3 R0 R4
(3072) 0201  0000001000000001 ( 155)                 BRP   SIGFIGFIFTTEEN
(3073) 0402  0000010000000010 ( 156)                 BRZ   RBITSIXTEEN
(3074) 2815  0010100000010101 ( 158) SIGFIGFIFTTEEN  LD    R4 TWO
(3075) 1484  0001010010000100 ( 159)                 ADD   R2 R2 R4
(3076) 2611  0010011000010001 ( 161) RBITSIXTEEN     LD    R3 ZERO
(3077) 2812  0010100000010010 ( 162)                 LD    R4 TWO
(3078) 5604  0101011000000100 ( 163)                 AND   R3 R0 R4
(3079) 0201  0000001000000001 ( 164)                 BRP   SIGFIGSIXTEEN
(307A) 0E02  0000111000000010 ( 167)                 BRNZP END
(307B) 280D  0010100000001101 ( 169) SIGFIGSIXTEEN   LD    R4 ONE
(307C) 1484  0001010010000100 ( 170)                 ADD   R2 R2 R4
(307D) 2A0A  0010101000001010 ( 172) END             LD    R5 ZERO
(307E) 2609  0010011000001001 ( 173)                 LD    R3 ZERO
(307F) 2008  0010000000001000 ( 174)                 LD    R0 ZERO
(3080) 1002  0001000000000010 ( 175)                 ADD   R0 R0 R2
(3081) 5646  0101011001000110 ( 176)                 AND   R3 R1 R6
(3082) 0587  0000010110000111 ( 177)                 BRZ   RBITONE
(3083) 2205  0010001000000101 ( 178)                 LD    R1 ONE
(3084) 0E02  0000111000000010 ( 179)                 BRNZP ENDEND
(3085) 23FF  0010001111111111 ( 181) FAILEND         LD    R1 x3085
(3086) 0E00  0000111000000000 ( 182)                 BRNZP ENDEND
(3087) C1C0  1100000111000000 ( 184) ENDEND          RET   
(3088) 0000  0000000000000000 ( 187) ZERO            .FILL x0000
(3089) 0001  0000000000000001 ( 188) ONE             .FILL x0001
(308A) 0002  0000000000000010 ( 189) TWO             .FILL x0002
(308B) 0004  0000000000000100 ( 190) THREE           .FILL x0004
(308C) 0008  0000000000001000 ( 191) FOUR            .FILL x0008
(308D) 0010  0000000000010000 ( 192) FIVE            .FILL x0010
(308E) 0020  0000000000100000 ( 193) SIX             .FILL x0020
(308F) 0040  0000000001000000 ( 194) SEVEN           .FILL x0040
(3090) 0080  0000000010000000 ( 195) EIGHT           .FILL x0080
(3091) 0100  0000000100000000 ( 196) NINE            .FILL x0100
(3092) 0200  0000001000000000 ( 197) TEN             .FILL x0200
(3093) 0400  0000010000000000 ( 198) ELEVEN          .FILL x0400
(3094) 0800  0000100000000000 ( 199) TWELVE          .FILL x0800
(3095) 1000  0001000000000000 ( 200) THIRTEEN        .FILL x1000
(3096) 2000  0010000000000000 ( 201) FOURTEEN        .FILL x2000
(3097) 4000  0100000000000000 ( 202) FIFTEEN         .FILL x4000
(3098) 8000  1000000000000000 ( 203) SIXTEEN         .FILL x8000
